<?xml version="1.0" encoding="UTF-8"?>
<!-- Generated by org.testng.reporters.JUnitReportReporter -->
<testsuite hostname="DESKTOP-HF0RCE0" failures="0" tests="1" name="com.treallo.qa.testcase.LoginPageTest" time="16.309" errors="0" timestamp="2022-09-29T23:21:57 IST" skipped="0">
  <testcase classname="com.treallo.qa.testcase.LoginPageTest" name="loginPageTest" time="16.309"/>
  <system-out/>
</testsuite> <!-- com.treallo.qa.testcase.LoginPageTest -->
