<?xml version="1.0" encoding="UTF-8"?>
<!-- Generated by org.testng.reporters.JUnitReportReporter -->
<testsuite hostname="DESKTOP-HF0RCE0" failures="0" tests="1" name="com.treallo.qa.testcase.TrealloList" time="50.456" errors="0" timestamp="2022-09-29T21:27:44 IST" skipped="0">
  <testcase classname="com.treallo.qa.testcase.TrealloList" name="trealloList" time="50.456"/>
  <system-out/>
</testsuite> <!-- com.treallo.qa.testcase.TrealloList -->
