<?xml version="1.0" encoding="UTF-8"?>
<!-- Generated by org.testng.reporters.JUnitReportReporter -->
<testsuite skipped="0" hostname="DESKTOP-HF0RCE0" name="com.treallo.qa.testcase.TrealloSystemTest" tests="1" failures="0" timestamp="2022-09-30T09:09:21 IST" time="62.891" errors="0">
  <testcase name="loginpageTest" time="62.891" classname="com.treallo.qa.testcase.TrealloSystemTest"/>
  <system-out/>
</testsuite> <!-- com.treallo.qa.testcase.TrealloSystemTest -->
